<?xml version="1.0" encoding="UTF-8"?>
<!-- Generated by org.testng.reporters.JUnitReportReporter -->
<testsuite skipped="0" hostname="kupravin01" name="com.pk.ATAChallenge2019.TestngTest1" tests="1" failures="0" timestamp="2019-11-07T15:59:15 IST" time="47.681" errors="0">
  <testcase name="flipkartAppTest" time="47.681" classname="com.pk.ATAChallenge2019.TestngTest1"/>
</testsuite> <!-- com.pk.ATAChallenge2019.TestngTest1 -->
