<?xml version="1.0" encoding="UTF-8"?>
<!-- Generated by org.testng.reporters.JUnitReportReporter -->
<testsuite skipped="0" hostname="kupravin01" name="com.pk.AQEAutothon.SearchEngineTest" tests="1" failures="0" timestamp="2019-11-13T17:12:32 IST" time="16.339" errors="0">
  <testcase name="googleSearchEngineTest" time="16.339" classname="com.pk.AQEAutothon.SearchEngineTest"/>
</testsuite> <!-- com.pk.AQEAutothon.SearchEngineTest -->
