<?xml version="1.0" encoding="UTF-8"?>
<!-- Generated by org.testng.reporters.JUnitReportReporter -->
<testsuite skipped="0" hostname="kupravin01" name="com.pk.ATAChallenge2019.FlipKartApp" tests="1" failures="0" timestamp="2019-11-07T17:09:39 IST" time="178.167" errors="0">
  <testcase name="flipkartAppTest" time="178.167" classname="com.pk.ATAChallenge2019.FlipKartApp"/>
</testsuite> <!-- com.pk.ATAChallenge2019.FlipKartApp -->
