<?xml version="1.0" encoding="UTF-8"?>
<!-- Generated by org.testng.reporters.JUnitReportReporter -->
<testsuite skipped="0" hostname="kupravin01" name="com.pk.MobileTest.FlipKartApp" tests="1" failures="0" timestamp="2019-11-07T22:18:40 IST" time="221.269" errors="0">
  <testcase name="flipkartAppTest" time="221.269" classname="com.pk.MobileTest.FlipKartApp"/>
</testsuite> <!-- com.pk.MobileTest.FlipKartApp -->
